2016/08/13 18:50:14 [error] [php] date(): It is not safe to rely on the system's timezone settings. You are *required* to use the date.timezone setting or the date_default_timezone_set() function. In case you used any of those methods and you are still getting this warning, you most likely misspelled the timezone identifier. We selected the timezone 'UTC' for now, but please set date.timezone to select your timezone. (/var/www/html/class4_switch/protected/views/layouts/main.php:51)
Stack trace:
#0 /var/www/html/yii/framework/web/CBaseController.php(95): SiteController->renderInternal()
#1 /var/www/html/yii/framework/web/widgets/CContentDecorator.php(76): SiteController->renderFile()
#2 /var/www/html/yii/framework/web/widgets/CContentDecorator.php(54): CContentDecorator->decorate()
#3 /var/www/html/yii/framework/web/widgets/COutputProcessor.php(44): CContentDecorator->processOutput()
#4 /var/www/html/yii/framework/web/CBaseController.php(214): CContentDecorator->run()
#5 /var/www/html/yii/framework/web/CBaseController.php(308): SiteController->endWidget()
#6 /var/www/html/class4_switch/protected/views/layouts/column1.php(6): SiteController->endContent()
#7 /var/www/html/yii/framework/web/CBaseController.php(126): require()
#8 /var/www/html/yii/framework/web/CBaseController.php(95): SiteController->renderInternal()
#9 /var/www/html/yii/framework/web/CController.php(784): SiteController->renderFile()
#10 /var/www/html/class4_switch/protected/controllers/SiteController.php(32): SiteController->render()
#11 /var/www/html/yii/framework/web/actions/CInlineAction.php(49): SiteController->actionIndex()
#12 /var/www/html/yii/framework/web/CController.php(308): CInlineAction->runWithParams()
#13 /var/www/html/yii/framework/web/CController.php(286): SiteController->runAction()
#14 /var/www/html/yii/framework/web/CController.php(265): SiteController->runActionWithFilters()
#15 /var/www/html/yii/framework/web/CWebApplication.php(282): SiteController->run()
#16 /var/www/html/yii/framework/web/CWebApplication.php(141): CWebApplication->runController()
#17 /var/www/html/yii/framework/base/CApplication.php(185): CWebApplication->processRequest()
#18 /var/www/html/class4_switch/index.php(13): CWebApplication->run()
REQUEST_URI=/class4_switch/
in /var/www/html/class4_switch/protected/views/layouts/main.php (51)
in /var/www/html/class4_switch/protected/views/layouts/column1.php (6)
in /var/www/html/class4_switch/protected/controllers/SiteController.php (32)
2016/08/14 03:25:13 [error] [php] date(): It is not safe to rely on the system's timezone settings. You are *required* to use the date.timezone setting or the date_default_timezone_set() function. In case you used any of those methods and you are still getting this warning, you most likely misspelled the timezone identifier. We selected the timezone 'UTC' for now, but please set date.timezone to select your timezone. (/var/www/html/class4_switch/protected/views/layouts/main.php:51)
Stack trace:
#0 /var/www/html/yii/framework/web/CBaseController.php(95): SiteController->renderInternal()
#1 /var/www/html/yii/framework/web/widgets/CContentDecorator.php(76): SiteController->renderFile()
#2 /var/www/html/yii/framework/web/widgets/CContentDecorator.php(54): CContentDecorator->decorate()
#3 /var/www/html/yii/framework/web/widgets/COutputProcessor.php(44): CContentDecorator->processOutput()
#4 /var/www/html/yii/framework/web/CBaseController.php(214): CContentDecorator->run()
#5 /var/www/html/yii/framework/web/CBaseController.php(308): SiteController->endWidget()
#6 /var/www/html/class4_switch/protected/views/layouts/column1.php(6): SiteController->endContent()
#7 /var/www/html/yii/framework/web/CBaseController.php(126): require()
#8 /var/www/html/yii/framework/web/CBaseController.php(95): SiteController->renderInternal()
#9 /var/www/html/yii/framework/web/CController.php(784): SiteController->renderFile()
#10 /var/www/html/class4_switch/protected/controllers/SiteController.php(32): SiteController->render()
#11 /var/www/html/yii/framework/web/actions/CInlineAction.php(49): SiteController->actionIndex()
#12 /var/www/html/yii/framework/web/CController.php(308): CInlineAction->runWithParams()
#13 /var/www/html/yii/framework/web/CController.php(286): SiteController->runAction()
#14 /var/www/html/yii/framework/web/CController.php(265): SiteController->runActionWithFilters()
#15 /var/www/html/yii/framework/web/CWebApplication.php(282): SiteController->run()
#16 /var/www/html/yii/framework/web/CWebApplication.php(141): CWebApplication->runController()
#17 /var/www/html/yii/framework/base/CApplication.php(185): CWebApplication->processRequest()
#18 /var/www/html/class4_switch/index.php(13): CWebApplication->run()
REQUEST_URI=/class4_switch/
in /var/www/html/class4_switch/protected/views/layouts/main.php (51)
in /var/www/html/class4_switch/protected/views/layouts/column1.php (6)
in /var/www/html/class4_switch/protected/controllers/SiteController.php (32)
2016/08/14 03:25:17 [error] [php] date(): It is not safe to rely on the system's timezone settings. You are *required* to use the date.timezone setting or the date_default_timezone_set() function. In case you used any of those methods and you are still getting this warning, you most likely misspelled the timezone identifier. We selected the timezone 'UTC' for now, but please set date.timezone to select your timezone. (/var/www/html/class4_switch/protected/views/layouts/main.php:51)
Stack trace:
#0 /var/www/html/yii/framework/web/CBaseController.php(95): SiteController->renderInternal()
#1 /var/www/html/yii/framework/web/widgets/CContentDecorator.php(76): SiteController->renderFile()
#2 /var/www/html/yii/framework/web/widgets/CContentDecorator.php(54): CContentDecorator->decorate()
#3 /var/www/html/yii/framework/web/widgets/COutputProcessor.php(44): CContentDecorator->processOutput()
#4 /var/www/html/yii/framework/web/CBaseController.php(214): CContentDecorator->run()
#5 /var/www/html/yii/framework/web/CBaseController.php(308): SiteController->endWidget()
#6 /var/www/html/class4_switch/protected/views/layouts/column1.php(6): SiteController->endContent()
#7 /var/www/html/yii/framework/web/CBaseController.php(126): require()
#8 /var/www/html/yii/framework/web/CBaseController.php(95): SiteController->renderInternal()
#9 /var/www/html/yii/framework/web/CController.php(784): SiteController->renderFile()
#10 /var/www/html/class4_switch/protected/controllers/SiteController.php(32): SiteController->render()
#11 /var/www/html/yii/framework/web/actions/CInlineAction.php(49): SiteController->actionIndex()
#12 /var/www/html/yii/framework/web/CController.php(308): CInlineAction->runWithParams()
#13 /var/www/html/yii/framework/web/CController.php(286): SiteController->runAction()
#14 /var/www/html/yii/framework/web/CController.php(265): SiteController->runActionWithFilters()
#15 /var/www/html/yii/framework/web/CWebApplication.php(282): SiteController->run()
#16 /var/www/html/yii/framework/web/CWebApplication.php(141): CWebApplication->runController()
#17 /var/www/html/yii/framework/base/CApplication.php(185): CWebApplication->processRequest()
#18 /var/www/html/class4_switch/index.php(13): CWebApplication->run()
REQUEST_URI=/class4_switch/
in /var/www/html/class4_switch/protected/views/layouts/main.php (51)
in /var/www/html/class4_switch/protected/views/layouts/column1.php (6)
in /var/www/html/class4_switch/protected/controllers/SiteController.php (32)
2016/08/14 03:25:21 [error] [php] date(): It is not safe to rely on the system's timezone settings. You are *required* to use the date.timezone setting or the date_default_timezone_set() function. In case you used any of those methods and you are still getting this warning, you most likely misspelled the timezone identifier. We selected the timezone 'UTC' for now, but please set date.timezone to select your timezone. (/var/www/html/class4_switch/protected/views/layouts/main.php:51)
Stack trace:
#0 /var/www/html/yii/framework/web/CBaseController.php(95): SiteController->renderInternal()
#1 /var/www/html/yii/framework/web/widgets/CContentDecorator.php(76): SiteController->renderFile()
#2 /var/www/html/yii/framework/web/widgets/CContentDecorator.php(54): CContentDecorator->decorate()
#3 /var/www/html/yii/framework/web/widgets/COutputProcessor.php(44): CContentDecorator->processOutput()
#4 /var/www/html/yii/framework/web/CBaseController.php(214): CContentDecorator->run()
#5 /var/www/html/yii/framework/web/CBaseController.php(308): SiteController->endWidget()
#6 /var/www/html/class4_switch/protected/views/layouts/column1.php(6): SiteController->endContent()
#7 /var/www/html/yii/framework/web/CBaseController.php(126): require()
#8 /var/www/html/yii/framework/web/CBaseController.php(95): SiteController->renderInternal()
#9 /var/www/html/yii/framework/web/CController.php(784): SiteController->renderFile()
#10 /var/www/html/class4_switch/protected/controllers/SiteController.php(32): SiteController->render()
#11 /var/www/html/yii/framework/web/actions/CInlineAction.php(49): SiteController->actionIndex()
#12 /var/www/html/yii/framework/web/CController.php(308): CInlineAction->runWithParams()
#13 /var/www/html/yii/framework/web/CController.php(286): SiteController->runAction()
#14 /var/www/html/yii/framework/web/CController.php(265): SiteController->runActionWithFilters()
#15 /var/www/html/yii/framework/web/CWebApplication.php(282): SiteController->run()
#16 /var/www/html/yii/framework/web/CWebApplication.php(141): CWebApplication->runController()
#17 /var/www/html/yii/framework/base/CApplication.php(185): CWebApplication->processRequest()
#18 /var/www/html/class4_switch/index.php(13): CWebApplication->run()
REQUEST_URI=/class4_switch/
in /var/www/html/class4_switch/protected/views/layouts/main.php (51)
in /var/www/html/class4_switch/protected/views/layouts/column1.php (6)
in /var/www/html/class4_switch/protected/controllers/SiteController.php (32)
2016/08/14 03:28:31 [error] [php] date(): It is not safe to rely on the system's timezone settings. You are *required* to use the date.timezone setting or the date_default_timezone_set() function. In case you used any of those methods and you are still getting this warning, you most likely misspelled the timezone identifier. We selected the timezone 'UTC' for now, but please set date.timezone to select your timezone. (/var/www/html/class4_switch/protected/views/layouts/main.php:51)
Stack trace:
#0 /var/www/html/yii/framework/web/CBaseController.php(95): SiteController->renderInternal()
#1 /var/www/html/yii/framework/web/widgets/CContentDecorator.php(76): SiteController->renderFile()
#2 /var/www/html/yii/framework/web/widgets/CContentDecorator.php(54): CContentDecorator->decorate()
#3 /var/www/html/yii/framework/web/widgets/COutputProcessor.php(44): CContentDecorator->processOutput()
#4 /var/www/html/yii/framework/web/CBaseController.php(214): CContentDecorator->run()
#5 /var/www/html/yii/framework/web/CBaseController.php(308): SiteController->endWidget()
#6 /var/www/html/class4_switch/protected/views/layouts/column1.php(6): SiteController->endContent()
#7 /var/www/html/yii/framework/web/CBaseController.php(126): require()
#8 /var/www/html/yii/framework/web/CBaseController.php(95): SiteController->renderInternal()
#9 /var/www/html/yii/framework/web/CController.php(784): SiteController->renderFile()
#10 /var/www/html/class4_switch/protected/controllers/SiteController.php(32): SiteController->render()
#11 /var/www/html/yii/framework/web/actions/CInlineAction.php(49): SiteController->actionIndex()
#12 /var/www/html/yii/framework/web/CController.php(308): CInlineAction->runWithParams()
#13 /var/www/html/yii/framework/web/CController.php(286): SiteController->runAction()
#14 /var/www/html/yii/framework/web/CController.php(265): SiteController->runActionWithFilters()
#15 /var/www/html/yii/framework/web/CWebApplication.php(282): SiteController->run()
#16 /var/www/html/yii/framework/web/CWebApplication.php(141): CWebApplication->runController()
#17 /var/www/html/yii/framework/base/CApplication.php(185): CWebApplication->processRequest()
#18 /var/www/html/class4_switch/index.php(13): CWebApplication->run()
REQUEST_URI=/class4_switch/
in /var/www/html/class4_switch/protected/views/layouts/main.php (51)
in /var/www/html/class4_switch/protected/views/layouts/column1.php (6)
in /var/www/html/class4_switch/protected/controllers/SiteController.php (32)
2016/08/20 06:14:44 [error] [exception.CException] exception 'CException' with message 'CAssetManager.basePath "/var/www/html/R_Switch/assets" is invalid. Please make sure the directory exists and is writable by the Web server process.' in /var/www/html/yii/framework/web/CAssetManager.php:138
Stack trace:
#0 /var/www/html/yii/framework/web/CAssetManager.php(123): CAssetManager->setBasePath('/var/www/html/R...')
#1 /var/www/html/yii/framework/web/CAssetManager.php(217): CAssetManager->getBasePath()
#2 /var/www/html/yii/framework/web/CClientScript.php(511): CAssetManager->publish('/var/www/html/y...')
#3 /var/www/html/yii/framework/web/CClientScript.php(548): CClientScript->getCoreScriptUrl()
#4 /var/www/html/yii/framework/web/CClientScript.php(349): CClientScript->getPackageBaseUrl('jquery')
#5 /var/www/html/yii/framework/web/CClientScript.php(208): CClientScript->renderCoreScripts()
#6 /var/www/html/yii/framework/web/CController.php(351): CClientScript->render('\r\n<!DOCTYPE htm...')
#7 /var/www/html/yii/framework/web/CController.php(788): CController->processOutput('\r\n<!DOCTYPE htm...')
#8 /var/www/html/R_Switch/protected/controllers/SiteController.php(32): CController->render('index')
#9 /var/www/html/yii/framework/web/actions/CInlineAction.php(49): SiteController->actionIndex()
#10 /var/www/html/yii/framework/web/CController.php(308): CInlineAction->runWithParams(Array)
#11 /var/www/html/yii/framework/web/CController.php(286): CController->runAction(Object(CInlineAction))
#12 /var/www/html/yii/framework/web/CController.php(265): CController->runActionWithFilters(Object(CInlineAction), Array)
#13 /var/www/html/yii/framework/web/CWebApplication.php(282): CController->run('')
#14 /var/www/html/yii/framework/web/CWebApplication.php(141): CWebApplication->runController('')
#15 /var/www/html/yii/framework/base/CApplication.php(185): CWebApplication->processRequest()
#16 /var/www/html/R_Switch/index.php(13): CApplication->run()
#17 {main}
REQUEST_URI=/R_Switch/
---
2016/08/20 06:15:08 [error] [exception.CException] exception 'CException' with message 'CAssetManager.basePath "/var/www/html/R_Switch/assets" is invalid. Please make sure the directory exists and is writable by the Web server process.' in /var/www/html/yii/framework/web/CAssetManager.php:138
Stack trace:
#0 /var/www/html/yii/framework/web/CAssetManager.php(123): CAssetManager->setBasePath('/var/www/html/R...')
#1 /var/www/html/yii/framework/web/CAssetManager.php(217): CAssetManager->getBasePath()
#2 /var/www/html/yii/framework/web/CClientScript.php(511): CAssetManager->publish('/var/www/html/y...')
#3 /var/www/html/yii/framework/web/CClientScript.php(548): CClientScript->getCoreScriptUrl()
#4 /var/www/html/yii/framework/web/CClientScript.php(349): CClientScript->getPackageBaseUrl('jquery')
#5 /var/www/html/yii/framework/web/CClientScript.php(208): CClientScript->renderCoreScripts()
#6 /var/www/html/yii/framework/web/CController.php(351): CClientScript->render('\r\n<!DOCTYPE htm...')
#7 /var/www/html/yii/framework/web/CController.php(788): CController->processOutput('\r\n<!DOCTYPE htm...')
#8 /var/www/html/R_Switch/protected/controllers/SiteController.php(32): CController->render('index')
#9 /var/www/html/yii/framework/web/actions/CInlineAction.php(49): SiteController->actionIndex()
#10 /var/www/html/yii/framework/web/CController.php(308): CInlineAction->runWithParams(Array)
#11 /var/www/html/yii/framework/web/CController.php(286): CController->runAction(Object(CInlineAction))
#12 /var/www/html/yii/framework/web/CController.php(265): CController->runActionWithFilters(Object(CInlineAction), Array)
#13 /var/www/html/yii/framework/web/CWebApplication.php(282): CController->run('')
#14 /var/www/html/yii/framework/web/CWebApplication.php(141): CWebApplication->runController('')
#15 /var/www/html/yii/framework/base/CApplication.php(185): CWebApplication->processRequest()
#16 /var/www/html/R_Switch/index.php(13): CApplication->run()
#17 {main}
REQUEST_URI=/R_Switch/
---
2016/08/20 06:16:31 [error] [exception.CException] exception 'CException' with message 'CAssetManager.basePath "/var/www/html/R_Switch/assets" is invalid. Please make sure the directory exists and is writable by the Web server process.' in /var/www/html/yii/framework/web/CAssetManager.php:138
Stack trace:
#0 /var/www/html/yii/framework/web/CAssetManager.php(123): CAssetManager->setBasePath('/var/www/html/R...')
#1 /var/www/html/yii/framework/web/CAssetManager.php(217): CAssetManager->getBasePath()
#2 /var/www/html/yii/framework/web/CClientScript.php(511): CAssetManager->publish('/var/www/html/y...')
#3 /var/www/html/yii/framework/web/CClientScript.php(548): CClientScript->getCoreScriptUrl()
#4 /var/www/html/yii/framework/web/CClientScript.php(349): CClientScript->getPackageBaseUrl('jquery')
#5 /var/www/html/yii/framework/web/CClientScript.php(208): CClientScript->renderCoreScripts()
#6 /var/www/html/yii/framework/web/CController.php(351): CClientScript->render('\r\n<!DOCTYPE htm...')
#7 /var/www/html/yii/framework/web/CController.php(788): CController->processOutput('\r\n<!DOCTYPE htm...')
#8 /var/www/html/R_Switch/protected/controllers/SiteController.php(32): CController->render('index')
#9 /var/www/html/yii/framework/web/actions/CInlineAction.php(49): SiteController->actionIndex()
#10 /var/www/html/yii/framework/web/CController.php(308): CInlineAction->runWithParams(Array)
#11 /var/www/html/yii/framework/web/CController.php(286): CController->runAction(Object(CInlineAction))
#12 /var/www/html/yii/framework/web/CController.php(265): CController->runActionWithFilters(Object(CInlineAction), Array)
#13 /var/www/html/yii/framework/web/CWebApplication.php(282): CController->run('')
#14 /var/www/html/yii/framework/web/CWebApplication.php(141): CWebApplication->runController('')
#15 /var/www/html/yii/framework/base/CApplication.php(185): CWebApplication->processRequest()
#16 /var/www/html/R_Switch/index.php(13): CApplication->run()
#17 {main}
REQUEST_URI=/R_Switch/
---
2016/08/20 06:18:26 [error] [exception.CException] exception 'CException' with message 'CAssetManager.basePath "/var/www/html/R_Switch/assets" is invalid. Please make sure the directory exists and is writable by the Web server process.' in /var/www/html/yii/framework/web/CAssetManager.php:138
Stack trace:
#0 /var/www/html/yii/framework/web/CAssetManager.php(123): CAssetManager->setBasePath('/var/www/html/R...')
#1 /var/www/html/yii/framework/web/CAssetManager.php(217): CAssetManager->getBasePath()
#2 /var/www/html/yii/framework/web/CClientScript.php(511): CAssetManager->publish('/var/www/html/y...')
#3 /var/www/html/yii/framework/web/CClientScript.php(548): CClientScript->getCoreScriptUrl()
#4 /var/www/html/yii/framework/web/CClientScript.php(349): CClientScript->getPackageBaseUrl('jquery')
#5 /var/www/html/yii/framework/web/CClientScript.php(208): CClientScript->renderCoreScripts()
#6 /var/www/html/yii/framework/web/CController.php(351): CClientScript->render('\r\n<!DOCTYPE htm...')
#7 /var/www/html/yii/framework/web/CController.php(788): CController->processOutput('\r\n<!DOCTYPE htm...')
#8 /var/www/html/R_Switch/protected/controllers/SiteController.php(32): CController->render('index')
#9 /var/www/html/yii/framework/web/actions/CInlineAction.php(49): SiteController->actionIndex()
#10 /var/www/html/yii/framework/web/CController.php(308): CInlineAction->runWithParams(Array)
#11 /var/www/html/yii/framework/web/CController.php(286): CController->runAction(Object(CInlineAction))
#12 /var/www/html/yii/framework/web/CController.php(265): CController->runActionWithFilters(Object(CInlineAction), Array)
#13 /var/www/html/yii/framework/web/CWebApplication.php(282): CController->run('')
#14 /var/www/html/yii/framework/web/CWebApplication.php(141): CWebApplication->runController('')
#15 /var/www/html/yii/framework/base/CApplication.php(185): CWebApplication->processRequest()
#16 /var/www/html/R_Switch/index.php(13): CApplication->run()
#17 {main}
REQUEST_URI=/R_Switch/
---
2016/08/22 20:21:02 [error] [exception.CDbException] exception 'CDbException' with message 'The table "user_master" for active record class "UserMaster" cannot be found in the database.' in /var/www/html/yii/framework/db/ar/CActiveRecord.php:2387
Stack trace:
#0 /var/www/html/yii/framework/db/ar/CActiveRecord.php(411): CActiveRecordMetaData->__construct(Object(UserMaster))
#1 /var/www/html/yii/framework/db/ar/CActiveRecord.php(661): CActiveRecord->getMetaData()
#2 /var/www/html/yii/framework/db/ar/CActiveRecord.php(1523): CActiveRecord->getTableSchema()
#3 /var/www/html/R_Switch/protected/components/UserIdentity.php(20): CActiveRecord->findByAttributes(Array)
#4 /var/www/html/R_Switch/protected/models/LoginForm.php(52): UserIdentity->authenticate()
#5 /var/www/html/yii/framework/validators/CInlineValidator.php(42): LoginForm->authenticate('password', Array)
#6 /var/www/html/yii/framework/validators/CValidator.php(201): CInlineValidator->validateAttribute(Object(LoginForm), 'password')
#7 /var/www/html/yii/framework/base/CModel.php(159): CValidator->validate(Object(LoginForm), NULL)
#8 /var/www/html/R_Switch/protected/controllers/SiteController.php(128): CModel->validate()
#9 /var/www/html/yii/framework/web/actions/CInlineAction.php(49): SiteController->actionLogin()
#10 /var/www/html/yii/framework/web/CController.php(308): CInlineAction->runWithParams(Array)
#11 /var/www/html/yii/framework/web/filters/CFilterChain.php(133): CController->runAction(Object(CInlineAction))
#12 /var/www/html/yii/framework/web/filters/CFilter.php(40): CFilterChain->run()
#13 /var/www/html/yii/framework/web/CController.php(1145): CFilter->filter(Object(CFilterChain))
#14 /var/www/html/yii/framework/web/filters/CInlineFilter.php(58): CController->filterAccessControl(Object(CFilterChain))
#15 /var/www/html/yii/framework/web/filters/CFilterChain.php(130): CInlineFilter->filter(Object(CFilterChain))
#16 /var/www/html/yii/framework/web/CController.php(291): CFilterChain->run()
#17 /var/www/html/yii/framework/web/CController.php(265): CController->runActionWithFilters(Object(CInlineAction), Array)
#18 /var/www/html/yii/framework/web/CWebApplication.php(282): CController->run('login')
#19 /var/www/html/yii/framework/web/CWebApplication.php(141): CWebApplication->runController('site/login')
#20 /var/www/html/yii/framework/base/CApplication.php(185): CWebApplication->processRequest()
#21 /var/www/html/R_Switch/index.php(13): CApplication->run()
#22 {main}
REQUEST_URI=/R_Switch/index.php?r=site/login
HTTP_REFERER=http://104.251.215.140/R_Switch/index.php?r=site/login
---
2016/08/23 16:54:19 [error] [exception.CHttpException.404] exception 'CHttpException' with message 'Unable to resolve the request "customer/dashboard".' in /var/www/html/yii/framework/web/CWebApplication.php:286
Stack trace:
#0 /var/www/html/yii/framework/web/CWebApplication.php(141): CWebApplication->runController('customer/dashbo...')
#1 /var/www/html/yii/framework/base/CApplication.php(185): CWebApplication->processRequest()
#2 /var/www/html/R_Switch/index.php(13): CApplication->run()
#3 {main}
REQUEST_URI=/R_Switch/index.php?r=customer/dashboard
HTTP_REFERER=http://104.251.215.140/R_Switch/index.php?r=site/login
---
2016/08/23 16:57:48 [error] [exception.CHttpException.404] exception 'CHttpException' with message 'Unable to resolve the request "customer/dashboard".' in /var/www/html/yii/framework/web/CWebApplication.php:286
Stack trace:
#0 /var/www/html/yii/framework/web/CWebApplication.php(141): CWebApplication->runController('customer/dashbo...')
#1 /var/www/html/yii/framework/base/CApplication.php(185): CWebApplication->processRequest()
#2 /var/www/html/R_Switch/index.php(13): CApplication->run()
#3 {main}
REQUEST_URI=/R_Switch/index.php?r=customer/dashboard
---
2016/08/23 16:59:15 [error] [exception.CHttpException.404] exception 'CHttpException' with message 'The system is unable to find the requested action "profile".' in /var/www/html/yii/framework/web/CController.php:483
Stack trace:
#0 /var/www/html/yii/framework/web/CController.php(270): CController->missingAction('profile')
#1 /var/www/html/yii/framework/web/CWebApplication.php(282): CController->run('profile')
#2 /var/www/html/yii/framework/web/CWebApplication.php(141): CWebApplication->runController('userMaster/prof...')
#3 /var/www/html/yii/framework/base/CApplication.php(185): CWebApplication->processRequest()
#4 /var/www/html/R_Switch/index.php(13): CApplication->run()
#5 {main}
REQUEST_URI=/R_Switch/index.php?r=userMaster/profile
HTTP_REFERER=http://104.251.215.140/R_Switch/index.php?r=userMaster/index
---
2016/08/23 17:02:39 [error] [exception.CHttpException.403] exception 'CHttpException' with message 'You are not authorized to perform this action.' in /var/www/html/yii/framework/web/auth/CAccessControlFilter.php:182
Stack trace:
#0 /var/www/html/yii/framework/web/auth/CAccessControlFilter.php(145): CAccessControlFilter->accessDenied(Object(CWebUser), 'You are not aut...')
#1 /var/www/html/yii/framework/web/filters/CFilter.php(38): CAccessControlFilter->preFilter(Object(CFilterChain))
#2 /var/www/html/yii/framework/web/CController.php(1145): CFilter->filter(Object(CFilterChain))
#3 /var/www/html/yii/framework/web/filters/CInlineFilter.php(58): CController->filterAccessControl(Object(CFilterChain))
#4 /var/www/html/yii/framework/web/filters/CFilterChain.php(130): CInlineFilter->filter(Object(CFilterChain))
#5 /var/www/html/yii/framework/web/CController.php(291): CFilterChain->run()
#6 /var/www/html/yii/framework/web/CController.php(265): CController->runActionWithFilters(Object(CInlineAction), Array)
#7 /var/www/html/yii/framework/web/CWebApplication.php(282): CController->run('view')
#8 /var/www/html/yii/framework/web/CWebApplication.php(141): CWebApplication->runController('userMaster/view')
#9 /var/www/html/yii/framework/base/CApplication.php(185): CWebApplication->processRequest()
#10 /var/www/html/R_Switch/index.php(13): CApplication->run()
#11 {main}
REQUEST_URI=/R_Switch/index.php?r=userMaster/view&id=1
HTTP_REFERER=http://104.251.215.140/R_Switch/index.php?r=userMaster/admin
---
2016/08/23 17:02:57 [error] [exception.CHttpException.403] exception 'CHttpException' with message 'You are not authorized to perform this action.' in /var/www/html/yii/framework/web/auth/CAccessControlFilter.php:182
Stack trace:
#0 /var/www/html/yii/framework/web/auth/CAccessControlFilter.php(145): CAccessControlFilter->accessDenied(Object(CWebUser), 'You are not aut...')
#1 /var/www/html/yii/framework/web/filters/CFilter.php(38): CAccessControlFilter->preFilter(Object(CFilterChain))
#2 /var/www/html/yii/framework/web/CController.php(1145): CFilter->filter(Object(CFilterChain))
#3 /var/www/html/yii/framework/web/filters/CInlineFilter.php(58): CController->filterAccessControl(Object(CFilterChain))
#4 /var/www/html/yii/framework/web/filters/CFilterChain.php(130): CInlineFilter->filter(Object(CFilterChain))
#5 /var/www/html/yii/framework/web/CController.php(291): CFilterChain->run()
#6 /var/www/html/yii/framework/web/CController.php(265): CController->runActionWithFilters(Object(CInlineAction), Array)
#7 /var/www/html/yii/framework/web/CWebApplication.php(282): CController->run('view')
#8 /var/www/html/yii/framework/web/CWebApplication.php(141): CWebApplication->runController('userMaster/view')
#9 /var/www/html/yii/framework/base/CApplication.php(185): CWebApplication->processRequest()
#10 /var/www/html/R_Switch/index.php(13): CApplication->run()
#11 {main}
REQUEST_URI=/R_Switch/index.php?r=userMaster/view&id=4
HTTP_REFERER=http://104.251.215.140/R_Switch/index.php?r=userMaster/admin
---
2016/08/23 17:03:06 [error] [exception.CHttpException.404] exception 'CHttpException' with message 'The system is unable to find the requested action "profile".' in /var/www/html/yii/framework/web/CController.php:483
Stack trace:
#0 /var/www/html/yii/framework/web/CController.php(270): CController->missingAction('profile')
#1 /var/www/html/yii/framework/web/CWebApplication.php(282): CController->run('profile')
#2 /var/www/html/yii/framework/web/CWebApplication.php(141): CWebApplication->runController('userMaster/prof...')
#3 /var/www/html/yii/framework/base/CApplication.php(185): CWebApplication->processRequest()
#4 /var/www/html/R_Switch/index.php(13): CApplication->run()
#5 {main}
REQUEST_URI=/R_Switch/index.php?r=userMaster/profile
HTTP_REFERER=http://104.251.215.140/R_Switch/index.php?r=userMaster/admin
---
2016/08/23 17:09:14 [error] [exception.CHttpException.404] exception 'CHttpException' with message 'Unable to resolve the request "gii".' in /var/www/html/yii/framework/web/CWebApplication.php:286
Stack trace:
#0 /var/www/html/yii/framework/web/CWebApplication.php(141): CWebApplication->runController('gii')
#1 /var/www/html/yii/framework/base/CApplication.php(185): CWebApplication->processRequest()
#2 /var/www/html/R_Switch/index.php(13): CApplication->run()
#3 {main}
REQUEST_URI=/R_Switch/index.php?r=gii
---
2016/08/25 04:44:58 [error] [exception.CHttpException.404] exception 'CHttpException' with message 'Unable to resolve the request "gii".' in /var/www/html/yii/framework/web/CWebApplication.php:286
Stack trace:
#0 /var/www/html/yii/framework/web/CWebApplication.php(141): CWebApplication->runController('gii')
#1 /var/www/html/yii/framework/base/CApplication.php(185): CWebApplication->processRequest()
#2 /var/www/html/R_Switch/index.php(13): CApplication->run()
#3 {main}
REQUEST_URI=/R_Switch/index.php?r=gii
---
2016/08/25 04:45:04 [error] [exception.CHttpException.404] exception 'CHttpException' with message 'Unable to resolve the request "gii".' in /var/www/html/yii/framework/web/CWebApplication.php:286
Stack trace:
#0 /var/www/html/yii/framework/web/CWebApplication.php(141): CWebApplication->runController('gii')
#1 /var/www/html/yii/framework/base/CApplication.php(185): CWebApplication->processRequest()
#2 /var/www/html/R_Switch/index.php(13): CApplication->run()
#3 {main}
REQUEST_URI=/R_Switch/index.php?r=gii
---
2016/08/25 09:15:09 [error] [exception.CHttpException.404] exception 'CHttpException' with message 'The system is unable to find the requested action "add".' in /var/www/html/yii/framework/web/CController.php:483
Stack trace:
#0 /var/www/html/yii/framework/web/CController.php(270): CController->missingAction('add')
#1 /var/www/html/yii/framework/web/CWebApplication.php(282): CController->run('add')
#2 /var/www/html/yii/framework/web/CWebApplication.php(141): CWebApplication->runController('userMaster/add')
#3 /var/www/html/yii/framework/base/CApplication.php(185): CWebApplication->processRequest()
#4 /var/www/html/R_Switch/index.php(13): CApplication->run()
#5 {main}
REQUEST_URI=/R_Switch/index.php?r=userMaster/add
---
